#
# A fatal error has been detected by the Java Runtime Environment:
#
#  EXCEPTION_ACCESS_VIOLATION (0xc0000005) at pc=0x00007ffc02166834, pid=7484, tid=7112
#
# JRE version: OpenJDK Runtime Environment (21.0.1+12) (build 21.0.1+12-29)
# Java VM: OpenJDK 64-Bit Server VM (21.0.1+12-29, mixed mode, sharing, tiered, compressed oops, compressed class ptrs, g1 gc, windows-amd64)
# Problematic frame:
# C  [jdwp.dll+0x26834]
#
# No core dump will be written. Minidumps are not enabled by default on client versions of Windows
#
# If you would like to submit a bug report, please visit:
#   https://bugreport.java.com/bugreport/crash.jsp
# The crash happened outside the Java Virtual Machine in native code.
# See problematic frame for where to report the bug.
#

---------------  S U M M A R Y ------------

Command Line: -agentlib:jdwp=transport=dt_socket,address=127.0.0.1:57500,suspend=y,server=n -javaagent:C:\Users\Ozzz\AppData\Local\JetBrains\IdeaIC2024.2\captureAgent\debugger-agent.jar -Dkotlinx.coroutines.debug.enable.creation.stack.trace=false -Ddebugger.agent.enable.coroutines=true -Dfile.encoding=UTF-8 -Dsun.stdout.encoding=UTF-8 -Dsun.stderr.encoding=UTF-8 org.example.Core

Host: Intel(R) Core(TM) i5-9300H CPU @ 2.40GHz, 8 cores, 15G,  Windows 11 , 64 bit Build 22621 (10.0.22621.3527)
Time: Wed Feb 26 17:33:48 2025 RTZ 2 (s 11 , 64 bit Build 22621 (10.0.22621.3527) elapsed time: 0.946810 seconds (0d 0h 0m 0s)

---------------  T H R E A D  ---------------

Current thread (0x00000271658f5350):  JavaThread "main"             [_thread_in_native, id=7112, stack(0x000000ce81200000,0x000000ce81300000) (1024K)]

Stack: [0x000000ce81200000,0x000000ce81300000],  sp=0x000000ce812fe4d8,  free space=1017k
Native frames: (J=compiled Java code, j=interpreted, Vv=VM code, C=native code)
C  [jdwp.dll+0x26834]

Java frames: (J=compiled Java code, j=interpreted, Vv=VM code)
j  jdk.internal.reflect.MethodHandleAccessorFactory.newFieldAccessor(Ljava/lang/reflect/Field;Z)Ljdk/internal/reflect/FieldAccessorImpl;+170 java.base@21.0.1
j  jdk.internal.reflect.ReflectionFactory.newFieldAccessor(Ljava/lang/reflect/Field;Z)Ljdk/internal/reflect/FieldAccessor;+82 java.base@21.0.1
j  java.lang.reflect.Field.acquireFieldAccessor()Ljdk/internal/reflect/FieldAccessor;+35 java.base@21.0.1
j  java.lang.reflect.Field.getFieldAccessor()Ljdk/internal/reflect/FieldAccessor;+14 java.base@21.0.1
j  java.lang.reflect.Field.getInt(Ljava/lang/Object;)I+18 java.base@21.0.1
j  org.lwjgl.system.APIUtil.apiClassTokens(Ljava/util/function/BiPredicate;Ljava/util/Map;[Ljava/lang/Class;)Ljava/util/Map;+104
j  org.lwjgl.glfw.GLFWErrorCallback$1.<init>(Ljava/io/PrintStream;)V+25
j  org.lwjgl.glfw.GLFWErrorCallback.createPrint(Ljava/io/PrintStream;)Lorg/lwjgl/glfw/GLFWErrorCallback;+5
j  org.example.Core.init()V+3
j  org.example.Core.run()V+1
j  org.example.Core.main([Ljava/lang/String;)V+7
v  ~StubRoutines::call_stub 0x000002717743100d

siginfo: EXCEPTION_ACCESS_VIOLATION (0xc0000005), reading address 0xffffffffffffffff


Registers:
RAX=0x000002714c4c87f0, RBX=0x0000027106c66330, RCX=0x00000271658f5708, RDX=0x0000027106c66330
RSP=0x000000ce812fe4d8, RBP=0x0000000000000002, RSI=0x000000ce812fe580, RDI=0x00000271658f5708
R8 =0x0000000000010002, R9 =0x0000000000000000, R10=0x00007ffc44b00000, R11=0x000000ce812fe4a8
R12=0x0000000000000007, R13=0x0000027167ab63b0, R14=0x00007ffc02170200, R15=0x0000000000000000
RIP=0x00007ffc02166834, EFLAGS=0x0000000000010202


Register to memory mapping:

RAX=0x000002714c4c87f0 points into unknown readable memory: 0x0000000000000000 | 00 00 00 00 00 00 00 00
RBX=0x0000027106c66330 points into unknown readable memory: 0x0000000711a09c38 | 38 9c a0 11 07 00 00 00
RCX=0x00000271658f5708 points into unknown readable memory: 0x000002714c4c87f0 | f0 87 4c 4c 71 02 00 00
RDX=0x0000027106c66330 points into unknown readable memory: 0x0000000711a09c38 | 38 9c a0 11 07 00 00 00
RSP=0x000000ce812fe4d8 is pointing into the stack for thread: 0x00000271658f5350
RBP=0x0000000000000002 is an unknown value
RSI=0x000000ce812fe580 is pointing into the stack for thread: 0x00000271658f5350
RDI=0x00000271658f5708 points into unknown readable memory: 0x000002714c4c87f0 | f0 87 4c 4c 71 02 00 00
R8 =0x0000000000010002 is an unknown value
R9 =0x0 is null
R10=0x00007ffc44b00000 VCRUNTIME140.dll
R11=0x000000ce812fe4a8 is pointing into the stack for thread: 0x00000271658f5350
R12=0x0000000000000007 is an unknown value
R13=0x0000027167ab63b0 points into unknown readable memory: 0x00007ffbf6e45040 | 40 50 e4 f6 fb 7f 00 00
R14=0x00007ffc02170200 jdwp.dll
R15=0x0 is null

Top of Stack: (sp=0x000000ce812fe4d8)
0x000000ce812fe4d8:   00007ffc021560d7 0000027106c66330
0x000000ce812fe4e8:   000000ce812fe580 0000000000000000
0x000000ce812fe4f8:   0000000000000000 0000000000000000
0x000000ce812fe508:   00003a888bab68ef 00000271658e19b0
0x000000ce812fe518:   00007ffc021702d8 0000027106c66330
0x000000ce812fe528:   00007ffc02152757 0000027106c66330
0x000000ce812fe538:   0000000000000002 00000271658f5708
0x000000ce812fe548:   0000027106c66338 000000394c000000
0x000000ce812fe558:   00000271080587e8 0000000000000000
0x000000ce812fe568:   00000271071bb458 000000ce812fe7e0
0x000000ce812fe578:   000002710709c778 0000000000000007
0x000000ce812fe588:   0000027106c66330 0000000000000000
0x000000ce812fe598:   0000027106c66338 0000000000000000
0x000000ce812fe5a8:   0000000000000000 0000000000000000
0x000000ce812fe5b8:   0000000000000000 0000000000000000
0x000000ce812fe5c8:   0000000000000000 0000000000000000
0x000000ce812fe5d8:   0000027106c66330 00000271080587e8
0x000000ce812fe5e8:   00007ffbf68082a7 0000027106c66338
0x000000ce812fe5f8:   000002714c17a1d0 00000271658f5350
0x000000ce812fe608:   00007ffbf6850bb1 00000271658e1960
0x000000ce812fe618:   00000271658f5350 0000000000000000
0x000000ce812fe628:   000000ce812fe730 00000271080587e8
0x000000ce812fe638:   0000027107854a9a 000002716593c5f0
0x000000ce812fe648:   00000271658f59c0 00000271658f59d0
0x000000ce812fe658:   00000271658f5da8 00000000000003d8
0x000000ce812fe668:   00000271658f5350 00000271658f5350
0x000000ce812fe678:   000002716593c230 0000027167aaf600
0x000000ce812fe688:   0000027167aaf610 0000027167aaf6e8
0x000000ce812fe698:   00000000000000d8 000000ce812fe6b0
0x000000ce812fe6a8:   00007ffbf650d511 00000271658f5350
0x000000ce812fe6b8:   000002716593c230 0000027167aaf600
0x000000ce812fe6c8:   0000027167aaf610 0000027167aaf6e8 

Instructions: (pc=0x00007ffc02166834)
0x00007ffc02166734:   05 c7 09 01 00 48 8b 03 48 8b d7 4d 8b 40 30 48
0x00007ffc02166744:   8b cb 48 8b 5c 24 30 48 83 c4 20 5f 48 ff a0 00
0x00007ffc02166754:   01 00 00 cc 48 89 5c 24 08 57 48 83 ec 20 48 8b
0x00007ffc02166764:   f9 e8 f2 ea ff ff 4c 8b 05 8f 09 01 00 48 8b d8
0x00007ffc02166774:   41 f6 80 10 02 00 00 02 74 33 41 b8 20 06 00 00
0x00007ffc02166784:   48 8d 15 ad c3 00 00 48 8d 0d 72 5c 00 00 e8 d9
0x00007ffc02166794:   48 ff ff 48 8d 15 ea 99 00 00 48 8d 0d 73 5c 00
0x00007ffc021667a4:   00 e8 6e 49 ff ff 4c 8b 05 4f 09 01 00 48 8b 03
0x00007ffc021667b4:   48 8b d7 4d 8b 40 38 48 8b cb 48 8b 5c 24 30 48
0x00007ffc021667c4:   83 c4 20 5f 48 ff a0 00 01 00 00 cc 48 89 5c 24
0x00007ffc021667d4:   08 57 48 83 ec 20 48 8b f9 e8 7a ea ff ff 48 8b
0x00007ffc021667e4:   15 17 09 01 00 48 8b d8 f6 82 10 02 00 00 02 74
0x00007ffc021667f4:   2c 41 b8 12 06 00 00 48 8d 15 36 c3 00 00 48 8d
0x00007ffc02166804:   0d fb 5b 00 00 e8 62 48 ff ff 48 8d 15 db 6c 00
0x00007ffc02166814:   00 48 8d 0d fc 5b 00 00 e8 f7 48 ff ff 48 8b 03
0x00007ffc02166824:   48 8b d7 48 8b cb 48 8b 5c 24 30 48 83 c4 20 5f
0x00007ffc02166834:   48 ff a0 50 07 00 00 cc 48 89 5c 24 08 48 89 74
0x00007ffc02166844:   24 10 48 89 7c 24 18 41 56 48 83 ec 20 4c 63 f2
0x00007ffc02166854:   49 8b d8 48 8b d1 41 8b f9 48 8b cb 4d 8d 46 ff
0x00007ffc02166864:   ff 15 06 5a 00 00 85 c0 75 3c 41 0f be 44 1e ff
0x00007ffc02166874:   3b c7 75 32 49 03 de eb 10 0f be c8 ff 15 da 59
0x00007ffc02166884:   00 00 85 c0 74 09 48 ff c3 8a 03 84 c0 75 ea 80
0x00007ffc02166894:   3b 3b 74 12 8b d7 48 8b cb e8 30 4b 00 00 48 85
0x00007ffc021668a4:   c0 0f 94 c0 eb 02 32 c0 48 8b 5c 24 30 48 8b 74
0x00007ffc021668b4:   24 38 48 8b 7c 24 40 48 83 c4 20 41 5e c3 cc cc
0x00007ffc021668c4:   0f b6 d1 83 fa 1e 0f 87 83 00 00 00 74 7b 83 fa
0x00007ffc021668d4:   07 77 41 74 39 83 ea 01 74 2e 83 ea 01 74 23 83
0x00007ffc021668e4:   ea 01 74 18 83 ea 01 74 0d 83 fa 02 0f 85 8a 00
0x00007ffc021668f4:   00 00 8d 42 03 c3 b8 04 00 00 00 c3 b8 03 00 00
0x00007ffc02166904:   00 c3 b8 02 00 00 00 c3 b8 01 00 00 00 c3 b8 06
0x00007ffc02166914:   00 00 00 c3 b8 08 00 00 00 2b d0 74 26 83 ea 01
0x00007ffc02166924:   0f 84 88 00 00 00 83 ea 01 74 12 b8 0a 00 00 00 


Stack slot to memory mapping:

stack at sp + 0 slots: 0x00007ffc021560d7 jdwp.dll
stack at sp + 1 slots: 0x0000027106c66330 points into unknown readable memory: 0x0000000711a09c38 | 38 9c a0 11 07 00 00 00
stack at sp + 2 slots: 0x000000ce812fe580 is pointing into the stack for thread: 0x00000271658f5350
stack at sp + 3 slots: 0x0 is null
stack at sp + 4 slots: 0x0 is null
stack at sp + 5 slots: 0x0 is null
stack at sp + 6 slots: 0x00003a888bab68ef is an unknown value
stack at sp + 7 slots: 0x00000271658e19b0 points into unknown readable memory: 0x8000001200000001 | 01 00 00 00 12 00 00 80


---------------  P R O C E S S  ---------------

Threads class SMR info:
_java_thread_list=0x000002714c1dd200, length=14, elements={
0x00000271658f5350, 0x0000027106c81500, 0x0000027106c825d0, 0x0000027106c84550,
0x0000027106c870c0, 0x0000027106c87b20, 0x0000027106c89590, 0x0000027106c8a320,
0x0000027106c94320, 0x000002714c085fe0, 0x000002714c189cb0, 0x000002714c1d2d80,
0x000002714c1cdf00, 0x000002714c2a9cb0
}

Java Threads: ( => current thread )
=>0x00000271658f5350 JavaThread "main"                              [_thread_in_native, id=7112, stack(0x000000ce81200000,0x000000ce81300000) (1024K)]
  0x0000027106c81500 JavaThread "Reference Handler"          daemon [_thread_blocked, id=10892, stack(0x000000ce81a00000,0x000000ce81b00000) (1024K)]
  0x0000027106c825d0 JavaThread "Finalizer"                  daemon [_thread_blocked, id=3596, stack(0x000000ce81b00000,0x000000ce81c00000) (1024K)]
  0x0000027106c84550 JavaThread "Signal Dispatcher"          daemon [_thread_blocked, id=14720, stack(0x000000ce81c00000,0x000000ce81d00000) (1024K)]
  0x0000027106c870c0 JavaThread "Attach Listener"            daemon [_thread_blocked, id=11908, stack(0x000000ce81d00000,0x000000ce81e00000) (1024K)]
  0x0000027106c87b20 JavaThread "Service Thread"             daemon [_thread_blocked, id=1676, stack(0x000000ce81e00000,0x000000ce81f00000) (1024K)]
  0x0000027106c89590 JavaThread "Monitor Deflation Thread"   daemon [_thread_blocked, id=16252, stack(0x000000ce81f00000,0x000000ce82000000) (1024K)]
  0x0000027106c8a320 JavaThread "C2 CompilerThread0"         daemon [_thread_blocked, id=3224, stack(0x000000ce82000000,0x000000ce82100000) (1024K)]
  0x0000027106c94320 JavaThread "C1 CompilerThread0"         daemon [_thread_blocked, id=5640, stack(0x000000ce82100000,0x000000ce82200000) (1024K)]
  0x000002714c085fe0 JavaThread "Common-Cleaner"             daemon [_thread_blocked, id=7652, stack(0x000000ce82200000,0x000000ce82300000) (1024K)]
  0x000002714c189cb0 JavaThread "JDWP Transport Listener: dt_socket" daemon [_thread_blocked, id=6492, stack(0x000000ce82300000,0x000000ce82400000) (1024K)]
  0x000002714c1d2d80 JavaThread "JDWP Event Helper Thread"   daemon [_thread_blocked, id=10552, stack(0x000000ce82400000,0x000000ce82500000) (1024K)]
  0x000002714c1cdf00 JavaThread "JDWP Command Reader"        daemon [_thread_in_native, id=14400, stack(0x000000ce82500000,0x000000ce82600000) (1024K)]
  0x000002714c2a9cb0 JavaThread "Notification Thread"        daemon [_thread_blocked, id=13428, stack(0x000000ce82600000,0x000000ce82700000) (1024K)]
Total: 14

Other Threads:
  0x0000027106c62630 VMThread "VM Thread"                           [id=15332, stack(0x000000ce81900000,0x000000ce81a00000) (1024K)]
  0x0000027106c4d2e0 WatcherThread "VM Periodic Task Thread"        [id=2284, stack(0x000000ce81800000,0x000000ce81900000) (1024K)]
  0x0000027167b23ac0 WorkerThread "GC Thread#0"                     [id=15312, stack(0x000000ce81300000,0x000000ce81400000) (1024K)]
  0x0000027167b34a90 ConcurrentGCThread "G1 Main Marker"            [id=15500, stack(0x000000ce81400000,0x000000ce81500000) (1024K)]
  0x0000027167b35590 WorkerThread "G1 Conc#0"                       [id=14848, stack(0x000000ce81500000,0x000000ce81600000) (1024K)]
  0x0000027167b7e760 ConcurrentGCThread "G1 Refine#0"               [id=12580, stack(0x000000ce81600000,0x000000ce81700000) (1024K)]
  0x0000027106b0a480 ConcurrentGCThread "G1 Service"                [id=9000, stack(0x000000ce81700000,0x000000ce81800000) (1024K)]
Total: 7

Threads with active compile tasks:
Total: 0

VM state: not at safepoint (normal execution)

VM Mutex/Monitor currently owned by a thread: None

Heap address: 0x0000000701c00000, size: 4068 MB, Compressed Oops mode: Zero based, Oop shift amount: 3

CDS archive(s) mapped at: [0x0000027107000000-0x0000027107c90000-0x0000027107c90000), size 13172736, SharedBaseAddress: 0x0000027107000000, ArchiveRelocationMode: 1.
Compressed class space mapped at: 0x0000027108000000-0x0000027148000000, reserved size: 1073741824
Narrow klass base: 0x0000027107000000, Narrow klass shift: 0, Narrow klass range: 0x100000000

GC Precious Log:
 CardTable entry size: 512
 Card Set container configuration: InlinePtr #cards 4 size 8 Array Of Cards #cards 16 size 48 Howl #buckets 8 coarsen threshold 3686 Howl Bitmap #cards 512 size 80 coarsen threshold 460 Card regions per heap region 1 cards per card region 4096
 CPUs: 8 total, 8 available
 Memory: 16264M
 Large Page Support: Disabled
 NUMA Support: Disabled
 Compressed Oops: Enabled (Zero based)
 Heap Region Size: 2M
 Heap Min Capacity: 8M
 Heap Initial Capacity: 256M
 Heap Max Capacity: 4068M
 Pre-touch: Disabled
 Parallel Workers: 8
 Concurrent Workers: 2
 Concurrent Refinement Workers: 8
 Periodic GC: Disabled

Heap:
 garbage-first heap   total 262144K, used 8192K [0x0000000701c00000, 0x0000000800000000)
  region size 2048K, 5 young (10240K), 0 survivors (0K)
 Metaspace       used 2086K, committed 2304K, reserved 1114112K
  class space    used 166K, committed 256K, reserved 1048576K

Heap Regions: E=young(eden), S=young(survivor), O=old, HS=humongous(starts), HC=humongous(continues), CS=collection set, F=free, TAMS=top-at-mark-start, PB=parsable bottom
|   0|0x0000000701c00000, 0x0000000701c00000, 0x0000000701e00000|  0%| F|  |TAMS 0x0000000701c00000| PB 0x0000000701c00000| Untracked 
|   1|0x0000000701e00000, 0x0000000701e00000, 0x0000000702000000|  0%| F|  |TAMS 0x0000000701e00000| PB 0x0000000701e00000| Untracked 
|   2|0x0000000702000000, 0x0000000702000000, 0x0000000702200000|  0%| F|  |TAMS 0x0000000702000000| PB 0x0000000702000000| Untracked 
|   3|0x0000000702200000, 0x0000000702200000, 0x0000000702400000|  0%| F|  |TAMS 0x0000000702200000| PB 0x0000000702200000| Untracked 
|   4|0x0000000702400000, 0x0000000702400000, 0x0000000702600000|  0%| F|  |TAMS 0x0000000702400000| PB 0x0000000702400000| Untracked 
|   5|0x0000000702600000, 0x0000000702600000, 0x0000000702800000|  0%| F|  |TAMS 0x0000000702600000| PB 0x0000000702600000| Untracked 
|   6|0x0000000702800000, 0x0000000702800000, 0x0000000702a00000|  0%| F|  |TAMS 0x0000000702800000| PB 0x0000000702800000| Untracked 
|   7|0x0000000702a00000, 0x0000000702a00000, 0x0000000702c00000|  0%| F|  |TAMS 0x0000000702a00000| PB 0x0000000702a00000| Untracked 
|   8|0x0000000702c00000, 0x0000000702c00000, 0x0000000702e00000|  0%| F|  |TAMS 0x0000000702c00000| PB 0x0000000702c00000| Untracked 
|   9|0x0000000702e00000, 0x0000000702e00000, 0x0000000703000000|  0%| F|  |TAMS 0x0000000702e00000| PB 0x0000000702e00000| Untracked 
|  10|0x0000000703000000, 0x0000000703000000, 0x0000000703200000|  0%| F|  |TAMS 0x0000000703000000| PB 0x0000000703000000| Untracked 
|  11|0x0000000703200000, 0x0000000703200000, 0x0000000703400000|  0%| F|  |TAMS 0x0000000703200000| PB 0x0000000703200000| Untracked 
|  12|0x0000000703400000, 0x0000000703400000, 0x0000000703600000|  0%| F|  |TAMS 0x0000000703400000| PB 0x0000000703400000| Untracked 
|  13|0x0000000703600000, 0x0000000703600000, 0x0000000703800000|  0%| F|  |TAMS 0x0000000703600000| PB 0x0000000703600000| Untracked 
|  14|0x0000000703800000, 0x0000000703800000, 0x0000000703a00000|  0%| F|  |TAMS 0x0000000703800000| PB 0x0000000703800000| Untracked 
|  15|0x0000000703a00000, 0x0000000703a00000, 0x0000000703c00000|  0%| F|  |TAMS 0x0000000703a00000| PB 0x0000000703a00000| Untracked 
|  16|0x0000000703c00000, 0x0000000703c00000, 0x0000000703e00000|  0%| F|  |TAMS 0x0000000703c00000| PB 0x0000000703c00000| Untracked 
|  17|0x0000000703e00000, 0x0000000703e00000, 0x0000000704000000|  0%| F|  |TAMS 0x0000000703e00000| PB 0x0000000703e00000| Untracked 
|  18|0x0000000704000000, 0x0000000704000000, 0x0000000704200000|  0%| F|  |TAMS 0x0000000704000000| PB 0x0000000704000000| Untracked 
|  19|0x0000000704200000, 0x0000000704200000, 0x0000000704400000|  0%| F|  |TAMS 0x0000000704200000| PB 0x0000000704200000| Untracked 
|  20|0x0000000704400000, 0x0000000704400000, 0x0000000704600000|  0%| F|  |TAMS 0x0000000704400000| PB 0x0000000704400000| Untracked 
|  21|0x0000000704600000, 0x0000000704600000, 0x0000000704800000|  0%| F|  |TAMS 0x0000000704600000| PB 0x0000000704600000| Untracked 
|  22|0x0000000704800000, 0x0000000704800000, 0x0000000704a00000|  0%| F|  |TAMS 0x0000000704800000| PB 0x0000000704800000| Untracked 
|  23|0x0000000704a00000, 0x0000000704a00000, 0x0000000704c00000|  0%| F|  |TAMS 0x0000000704a00000| PB 0x0000000704a00000| Untracked 
|  24|0x0000000704c00000, 0x0000000704c00000, 0x0000000704e00000|  0%| F|  |TAMS 0x0000000704c00000| PB 0x0000000704c00000| Untracked 
|  25|0x0000000704e00000, 0x0000000704e00000, 0x0000000705000000|  0%| F|  |TAMS 0x0000000704e00000| PB 0x0000000704e00000| Untracked 
|  26|0x0000000705000000, 0x0000000705000000, 0x0000000705200000|  0%| F|  |TAMS 0x0000000705000000| PB 0x0000000705000000| Untracked 
|  27|0x0000000705200000, 0x0000000705200000, 0x0000000705400000|  0%| F|  |TAMS 0x0000000705200000| PB 0x0000000705200000| Untracked 
|  28|0x0000000705400000, 0x0000000705400000, 0x0000000705600000|  0%| F|  |TAMS 0x0000000705400000| PB 0x0000000705400000| Untracked 
|  29|0x0000000705600000, 0x0000000705600000, 0x0000000705800000|  0%| F|  |TAMS 0x0000000705600000| PB 0x0000000705600000| Untracked 
|  30|0x0000000705800000, 0x0000000705800000, 0x0000000705a00000|  0%| F|  |TAMS 0x0000000705800000| PB 0x0000000705800000| Untracked 
|  31|0x0000000705a00000, 0x0000000705a00000, 0x0000000705c00000|  0%| F|  |TAMS 0x0000000705a00000| PB 0x0000000705a00000| Untracked 
|  32|0x0000000705c00000, 0x0000000705c00000, 0x0000000705e00000|  0%| F|  |TAMS 0x0000000705c00000| PB 0x0000000705c00000| Untracked 
|  33|0x0000000705e00000, 0x0000000705e00000, 0x0000000706000000|  0%| F|  |TAMS 0x0000000705e00000| PB 0x0000000705e00000| Untracked 
|  34|0x0000000706000000, 0x0000000706000000, 0x0000000706200000|  0%| F|  |TAMS 0x0000000706000000| PB 0x0000000706000000| Untracked 
|  35|0x0000000706200000, 0x0000000706200000, 0x0000000706400000|  0%| F|  |TAMS 0x0000000706200000| PB 0x0000000706200000| Untracked 
|  36|0x0000000706400000, 0x0000000706400000, 0x0000000706600000|  0%| F|  |TAMS 0x0000000706400000| PB 0x0000000706400000| Untracked 
|  37|0x0000000706600000, 0x0000000706600000, 0x0000000706800000|  0%| F|  |TAMS 0x0000000706600000| PB 0x0000000706600000| Untracked 
|  38|0x0000000706800000, 0x0000000706800000, 0x0000000706a00000|  0%| F|  |TAMS 0x0000000706800000| PB 0x0000000706800000| Untracked 
|  39|0x0000000706a00000, 0x0000000706a00000, 0x0000000706c00000|  0%| F|  |TAMS 0x0000000706a00000| PB 0x0000000706a00000| Untracked 
|  40|0x0000000706c00000, 0x0000000706c00000, 0x0000000706e00000|  0%| F|  |TAMS 0x0000000706c00000| PB 0x0000000706c00000| Untracked 
|  41|0x0000000706e00000, 0x0000000706e00000, 0x0000000707000000|  0%| F|  |TAMS 0x0000000706e00000| PB 0x0000000706e00000| Untracked 
|  42|0x0000000707000000, 0x0000000707000000, 0x0000000707200000|  0%| F|  |TAMS 0x0000000707000000| PB 0x0000000707000000| Untracked 
|  43|0x0000000707200000, 0x0000000707200000, 0x0000000707400000|  0%| F|  |TAMS 0x0000000707200000| PB 0x0000000707200000| Untracked 
|  44|0x0000000707400000, 0x0000000707400000, 0x0000000707600000|  0%| F|  |TAMS 0x0000000707400000| PB 0x0000000707400000| Untracked 
|  45|0x0000000707600000, 0x0000000707600000, 0x0000000707800000|  0%| F|  |TAMS 0x0000000707600000| PB 0x0000000707600000| Untracked 
|  46|0x0000000707800000, 0x0000000707800000, 0x0000000707a00000|  0%| F|  |TAMS 0x0000000707800000| PB 0x0000000707800000| Untracked 
|  47|0x0000000707a00000, 0x0000000707a00000, 0x0000000707c00000|  0%| F|  |TAMS 0x0000000707a00000| PB 0x0000000707a00000| Untracked 
|  48|0x0000000707c00000, 0x0000000707c00000, 0x0000000707e00000|  0%| F|  |TAMS 0x0000000707c00000| PB 0x0000000707c00000| Untracked 
|  49|0x0000000707e00000, 0x0000000707e00000, 0x0000000708000000|  0%| F|  |TAMS 0x0000000707e00000| PB 0x0000000707e00000| Untracked 
|  50|0x0000000708000000, 0x0000000708000000, 0x0000000708200000|  0%| F|  |TAMS 0x0000000708000000| PB 0x0000000708000000| Untracked 
|  51|0x0000000708200000, 0x0000000708200000, 0x0000000708400000|  0%| F|  |TAMS 0x0000000708200000| PB 0x0000000708200000| Untracked 
|  52|0x0000000708400000, 0x0000000708400000, 0x0000000708600000|  0%| F|  |TAMS 0x0000000708400000| PB 0x0000000708400000| Untracked 
|  53|0x0000000708600000, 0x0000000708600000, 0x0000000708800000|  0%| F|  |TAMS 0x0000000708600000| PB 0x0000000708600000| Untracked 
|  54|0x0000000708800000, 0x0000000708800000, 0x0000000708a00000|  0%| F|  |TAMS 0x0000000708800000| PB 0x0000000708800000| Untracked 
|  55|0x0000000708a00000, 0x0000000708a00000, 0x0000000708c00000|  0%| F|  |TAMS 0x0000000708a00000| PB 0x0000000708a00000| Untracked 
|  56|0x0000000708c00000, 0x0000000708c00000, 0x0000000708e00000|  0%| F|  |TAMS 0x0000000708c00000| PB 0x0000000708c00000| Untracked 
|  57|0x0000000708e00000, 0x0000000708e00000, 0x0000000709000000|  0%| F|  |TAMS 0x0000000708e00000| PB 0x0000000708e00000| Untracked 
|  58|0x0000000709000000, 0x0000000709000000, 0x0000000709200000|  0%| F|  |TAMS 0x0000000709000000| PB 0x0000000709000000| Untracked 
|  59|0x0000000709200000, 0x0000000709200000, 0x0000000709400000|  0%| F|  |TAMS 0x0000000709200000| PB 0x0000000709200000| Untracked 
|  60|0x0000000709400000, 0x0000000709400000, 0x0000000709600000|  0%| F|  |TAMS 0x0000000709400000| PB 0x0000000709400000| Untracked 
|  61|0x0000000709600000, 0x0000000709600000, 0x0000000709800000|  0%| F|  |TAMS 0x0000000709600000| PB 0x0000000709600000| Untracked 
|  62|0x0000000709800000, 0x0000000709800000, 0x0000000709a00000|  0%| F|  |TAMS 0x0000000709800000| PB 0x0000000709800000| Untracked 
|  63|0x0000000709a00000, 0x0000000709a00000, 0x0000000709c00000|  0%| F|  |TAMS 0x0000000709a00000| PB 0x0000000709a00000| Untracked 
|  64|0x0000000709c00000, 0x0000000709c00000, 0x0000000709e00000|  0%| F|  |TAMS 0x0000000709c00000| PB 0x0000000709c00000| Untracked 
|  65|0x0000000709e00000, 0x0000000709e00000, 0x000000070a000000|  0%| F|  |TAMS 0x0000000709e00000| PB 0x0000000709e00000| Untracked 
|  66|0x000000070a000000, 0x000000070a000000, 0x000000070a200000|  0%| F|  |TAMS 0x000000070a000000| PB 0x000000070a000000| Untracked 
|  67|0x000000070a200000, 0x000000070a200000, 0x000000070a400000|  0%| F|  |TAMS 0x000000070a200000| PB 0x000000070a200000| Untracked 
|  68|0x000000070a400000, 0x000000070a400000, 0x000000070a600000|  0%| F|  |TAMS 0x000000070a400000| PB 0x000000070a400000| Untracked 
|  69|0x000000070a600000, 0x000000070a600000, 0x000000070a800000|  0%| F|  |TAMS 0x000000070a600000| PB 0x000000070a600000| Untracked 
|  70|0x000000070a800000, 0x000000070a800000, 0x000000070aa00000|  0%| F|  |TAMS 0x000000070a800000| PB 0x000000070a800000| Untracked 
|  71|0x000000070aa00000, 0x000000070aa00000, 0x000000070ac00000|  0%| F|  |TAMS 0x000000070aa00000| PB 0x000000070aa00000| Untracked 
|  72|0x000000070ac00000, 0x000000070ac00000, 0x000000070ae00000|  0%| F|  |TAMS 0x000000070ac00000| PB 0x000000070ac00000| Untracked 
|  73|0x000000070ae00000, 0x000000070ae00000, 0x000000070b000000|  0%| F|  |TAMS 0x000000070ae00000| PB 0x000000070ae00000| Untracked 
|  74|0x000000070b000000, 0x000000070b000000, 0x000000070b200000|  0%| F|  |TAMS 0x000000070b000000| PB 0x000000070b000000| Untracked 
|  75|0x000000070b200000, 0x000000070b200000, 0x000000070b400000|  0%| F|  |TAMS 0x000000070b200000| PB 0x000000070b200000| Untracked 
|  76|0x000000070b400000, 0x000000070b400000, 0x000000070b600000|  0%| F|  |TAMS 0x000000070b400000| PB 0x000000070b400000| Untracked 
|  77|0x000000070b600000, 0x000000070b600000, 0x000000070b800000|  0%| F|  |TAMS 0x000000070b600000| PB 0x000000070b600000| Untracked 
|  78|0x000000070b800000, 0x000000070b800000, 0x000000070ba00000|  0%| F|  |TAMS 0x000000070b800000| PB 0x000000070b800000| Untracked 
|  79|0x000000070ba00000, 0x000000070ba00000, 0x000000070bc00000|  0%| F|  |TAMS 0x000000070ba00000| PB 0x000000070ba00000| Untracked 
|  80|0x000000070bc00000, 0x000000070bc00000, 0x000000070be00000|  0%| F|  |TAMS 0x000000070bc00000| PB 0x000000070bc00000| Untracked 
|  81|0x000000070be00000, 0x000000070be00000, 0x000000070c000000|  0%| F|  |TAMS 0x000000070be00000| PB 0x000000070be00000| Untracked 
|  82|0x000000070c000000, 0x000000070c000000, 0x000000070c200000|  0%| F|  |TAMS 0x000000070c000000| PB 0x000000070c000000| Untracked 
|  83|0x000000070c200000, 0x000000070c200000, 0x000000070c400000|  0%| F|  |TAMS 0x000000070c200000| PB 0x000000070c200000| Untracked 
|  84|0x000000070c400000, 0x000000070c400000, 0x000000070c600000|  0%| F|  |TAMS 0x000000070c400000| PB 0x000000070c400000| Untracked 
|  85|0x000000070c600000, 0x000000070c600000, 0x000000070c800000|  0%| F|  |TAMS 0x000000070c600000| PB 0x000000070c600000| Untracked 
|  86|0x000000070c800000, 0x000000070c800000, 0x000000070ca00000|  0%| F|  |TAMS 0x000000070c800000| PB 0x000000070c800000| Untracked 
|  87|0x000000070ca00000, 0x000000070ca00000, 0x000000070cc00000|  0%| F|  |TAMS 0x000000070ca00000| PB 0x000000070ca00000| Untracked 
|  88|0x000000070cc00000, 0x000000070cc00000, 0x000000070ce00000|  0%| F|  |TAMS 0x000000070cc00000| PB 0x000000070cc00000| Untracked 
|  89|0x000000070ce00000, 0x000000070ce00000, 0x000000070d000000|  0%| F|  |TAMS 0x000000070ce00000| PB 0x000000070ce00000| Untracked 
|  90|0x000000070d000000, 0x000000070d000000, 0x000000070d200000|  0%| F|  |TAMS 0x000000070d000000| PB 0x000000070d000000| Untracked 
|  91|0x000000070d200000, 0x000000070d200000, 0x000000070d400000|  0%| F|  |TAMS 0x000000070d200000| PB 0x000000070d200000| Untracked 
|  92|0x000000070d400000, 0x000000070d400000, 0x000000070d600000|  0%| F|  |TAMS 0x000000070d400000| PB 0x000000070d400000| Untracked 
|  93|0x000000070d600000, 0x000000070d600000, 0x000000070d800000|  0%| F|  |TAMS 0x000000070d600000| PB 0x000000070d600000| Untracked 
|  94|0x000000070d800000, 0x000000070d800000, 0x000000070da00000|  0%| F|  |TAMS 0x000000070d800000| PB 0x000000070d800000| Untracked 
|  95|0x000000070da00000, 0x000000070da00000, 0x000000070dc00000|  0%| F|  |TAMS 0x000000070da00000| PB 0x000000070da00000| Untracked 
|  96|0x000000070dc00000, 0x000000070dc00000, 0x000000070de00000|  0%| F|  |TAMS 0x000000070dc00000| PB 0x000000070dc00000| Untracked 
|  97|0x000000070de00000, 0x000000070de00000, 0x000000070e000000|  0%| F|  |TAMS 0x000000070de00000| PB 0x000000070de00000| Untracked 
|  98|0x000000070e000000, 0x000000070e000000, 0x000000070e200000|  0%| F|  |TAMS 0x000000070e000000| PB 0x000000070e000000| Untracked 
|  99|0x000000070e200000, 0x000000070e200000, 0x000000070e400000|  0%| F|  |TAMS 0x000000070e200000| PB 0x000000070e200000| Untracked 
| 100|0x000000070e400000, 0x000000070e400000, 0x000000070e600000|  0%| F|  |TAMS 0x000000070e400000| PB 0x000000070e400000| Untracked 
| 101|0x000000070e600000, 0x000000070e600000, 0x000000070e800000|  0%| F|  |TAMS 0x000000070e600000| PB 0x000000070e600000| Untracked 
| 102|0x000000070e800000, 0x000000070e800000, 0x000000070ea00000|  0%| F|  |TAMS 0x000000070e800000| PB 0x000000070e800000| Untracked 
| 103|0x000000070ea00000, 0x000000070ea00000, 0x000000070ec00000|  0%| F|  |TAMS 0x000000070ea00000| PB 0x000000070ea00000| Untracked 
| 104|0x000000070ec00000, 0x000000070ec00000, 0x000000070ee00000|  0%| F|  |TAMS 0x000000070ec00000| PB 0x000000070ec00000| Untracked 
| 105|0x000000070ee00000, 0x000000070ee00000, 0x000000070f000000|  0%| F|  |TAMS 0x000000070ee00000| PB 0x000000070ee00000| Untracked 
| 106|0x000000070f000000, 0x000000070f000000, 0x000000070f200000|  0%| F|  |TAMS 0x000000070f000000| PB 0x000000070f000000| Untracked 
| 107|0x000000070f200000, 0x000000070f200000, 0x000000070f400000|  0%| F|  |TAMS 0x000000070f200000| PB 0x000000070f200000| Untracked 
| 108|0x000000070f400000, 0x000000070f400000, 0x000000070f600000|  0%| F|  |TAMS 0x000000070f400000| PB 0x000000070f400000| Untracked 
| 109|0x000000070f600000, 0x000000070f600000, 0x000000070f800000|  0%| F|  |TAMS 0x000000070f600000| PB 0x000000070f600000| Untracked 
| 110|0x000000070f800000, 0x000000070f800000, 0x000000070fa00000|  0%| F|  |TAMS 0x000000070f800000| PB 0x000000070f800000| Untracked 
| 111|0x000000070fa00000, 0x000000070fa00000, 0x000000070fc00000|  0%| F|  |TAMS 0x000000070fa00000| PB 0x000000070fa00000| Untracked 
| 112|0x000000070fc00000, 0x000000070fc00000, 0x000000070fe00000|  0%| F|  |TAMS 0x000000070fc00000| PB 0x000000070fc00000| Untracked 
| 113|0x000000070fe00000, 0x000000070fe00000, 0x0000000710000000|  0%| F|  |TAMS 0x000000070fe00000| PB 0x000000070fe00000| Untracked 
| 114|0x0000000710000000, 0x0000000710000000, 0x0000000710200000|  0%| F|  |TAMS 0x0000000710000000| PB 0x0000000710000000| Untracked 
| 115|0x0000000710200000, 0x0000000710200000, 0x0000000710400000|  0%| F|  |TAMS 0x0000000710200000| PB 0x0000000710200000| Untracked 
| 116|0x0000000710400000, 0x0000000710400000, 0x0000000710600000|  0%| F|  |TAMS 0x0000000710400000| PB 0x0000000710400000| Untracked 
| 117|0x0000000710600000, 0x0000000710600000, 0x0000000710800000|  0%| F|  |TAMS 0x0000000710600000| PB 0x0000000710600000| Untracked 
| 118|0x0000000710800000, 0x0000000710800000, 0x0000000710a00000|  0%| F|  |TAMS 0x0000000710800000| PB 0x0000000710800000| Untracked 
| 119|0x0000000710a00000, 0x0000000710a00000, 0x0000000710c00000|  0%| F|  |TAMS 0x0000000710a00000| PB 0x0000000710a00000| Untracked 
| 120|0x0000000710c00000, 0x0000000710c00000, 0x0000000710e00000|  0%| F|  |TAMS 0x0000000710c00000| PB 0x0000000710c00000| Untracked 
| 121|0x0000000710e00000, 0x0000000710e00000, 0x0000000711000000|  0%| F|  |TAMS 0x0000000710e00000| PB 0x0000000710e00000| Untracked 
| 122|0x0000000711000000, 0x0000000711000000, 0x0000000711200000|  0%| F|  |TAMS 0x0000000711000000| PB 0x0000000711000000| Untracked 
| 123|0x0000000711200000, 0x0000000711271258, 0x0000000711400000| 22%| E|  |TAMS 0x0000000711200000| PB 0x0000000711200000| Complete 
| 124|0x0000000711400000, 0x0000000711600000, 0x0000000711600000|100%| E|CS|TAMS 0x0000000711400000| PB 0x0000000711400000| Complete 
| 125|0x0000000711600000, 0x0000000711800000, 0x0000000711800000|100%| E|CS|TAMS 0x0000000711600000| PB 0x0000000711600000| Complete 
| 126|0x0000000711800000, 0x0000000711a00000, 0x0000000711a00000|100%| E|CS|TAMS 0x0000000711800000| PB 0x0000000711800000| Complete 
| 127|0x0000000711a00000, 0x0000000711c00000, 0x0000000711c00000|100%| E|CS|TAMS 0x0000000711a00000| PB 0x0000000711a00000| Complete 

Card table byte_map: [0x0000027100000000,0x0000027100800000] _byte_map_base: 0x00000270fc7f2000

Marking Bits: (CMBitMap*) 0x0000027167b241c0
 Bits: [0x0000027100800000, 0x0000027104790000)

Polling page: 0x0000027165a40000

Metaspace:

Usage:
  Non-class:      1.88 MB used.
      Class:    166.50 KB used.
       Both:      2.04 MB used.

Virtual space:
  Non-class space:       64.00 MB reserved,       2.00 MB (  3%) committed,  1 nodes.
      Class space:        1.00 GB reserved,     256.00 KB ( <1%) committed,  1 nodes.
             Both:        1.06 GB reserved,       2.25 MB ( <1%) committed. 

Chunk freelists:
   Non-Class:  11.34 MB
       Class:  15.66 MB
        Both:  27.00 MB

MaxMetaspaceSize: unlimited
CompressedClassSpaceSize: 1.00 GB
Initial GC threshold: 21.00 MB
Current GC threshold: 21.00 MB
CDS: on
 - commit_granule_bytes: 65536.
 - commit_granule_words: 8192.
 - virtual_space_node_default_size: 8388608.
 - enlarge_chunks_in_place: 1.
 - use_allocation_guard: 0.


Internal statistics:

num_allocs_failed_limit: 0.
num_arena_births: 74.
num_arena_deaths: 0.
num_vsnodes_births: 2.
num_vsnodes_deaths: 0.
num_space_committed: 36.
num_space_uncommitted: 0.
num_chunks_returned_to_freelist: 0.
num_chunks_taken_from_freelist: 115.
num_chunk_merges: 0.
num_chunk_splits: 75.
num_chunks_enlarged: 49.
num_inconsistent_stats: 0.

CodeHeap 'non-profiled nmethods': size=120000Kb used=152Kb max_used=152Kb free=119847Kb
 bounds [0x00000271779d0000, 0x0000027177c40000, 0x000002717ef00000]
CodeHeap 'profiled nmethods': size=120000Kb used=691Kb max_used=691Kb free=119309Kb
 bounds [0x000002716ff00000, 0x0000027170170000, 0x0000027177430000]
CodeHeap 'non-nmethods': size=5760Kb used=1401Kb max_used=1410Kb free=4359Kb
 bounds [0x0000027177430000, 0x00000271776a0000, 0x00000271779d0000]
 total_blobs=936 nmethods=490 adapters=351
 compilation: enabled
              stopped_count=0, restarted_count=0
 full_count=0

Compilation events (20 events):
Event: 0.936 Thread 0x0000027106c94320  480       3       java.lang.ref.Cleaner$1::apply (5 bytes)
Event: 0.936 Thread 0x0000027106c94320 nmethod 480 0x000002716ffa5e90 code [0x000002716ffa6020, 0x000002716ffa6138]
Event: 0.937 Thread 0x0000027106c94320  481       3       java.util.ArrayDeque::inc (12 bytes)
Event: 0.937 Thread 0x0000027106c94320 nmethod 481 0x000002716ffa6210 code [0x000002716ffa63a0, 0x000002716ffa64d0]
Event: 0.937 Thread 0x0000027106c94320  482       3       java.lang.StringConcatHelper::initialCoder (14 bytes)
Event: 0.937 Thread 0x0000027106c94320 nmethod 482 0x000002716ffa6590 code [0x000002716ffa6720, 0x000002716ffa6838]
Event: 0.937 Thread 0x0000027106c94320  483       3       java.lang.String::concat (15 bytes)
Event: 0.938 Thread 0x0000027106c94320 nmethod 483 0x000002716ffa6890 code [0x000002716ffa6c00, 0x000002716ffa7fe0]
Event: 0.938 Thread 0x0000027106c94320  484       3       java.lang.StringConcatHelper::simpleConcat (94 bytes)
Event: 0.939 Thread 0x0000027106c94320 nmethod 484 0x000002716ffa8710 code [0x000002716ffa8a60, 0x000002716ffa9df0]
Event: 0.940 Thread 0x0000027106c94320  486       3       jdk.internal.jimage.ImageStringsReader::hashCode (33 bytes)
Event: 0.940 Thread 0x0000027106c94320 nmethod 486 0x000002716ffaa510 code [0x000002716ffaa6c0, 0x000002716ffaa840]
Event: 0.940 Thread 0x0000027106c94320  487   !   3       java.nio.DirectIntBufferU::get (34 bytes)
Event: 0.940 Thread 0x0000027106c94320 nmethod 487 0x000002716ffaa910 code [0x000002716ffaab80, 0x000002716ffab518]
Event: 0.940 Thread 0x0000027106c94320  488       3       java.nio.DirectIntBufferU::ix (10 bytes)
Event: 0.941 Thread 0x0000027106c94320 nmethod 488 0x000002716ffaba10 code [0x000002716ffabba0, 0x000002716ffabcc0]
Event: 0.941 Thread 0x0000027106c94320  489   !   3       jdk.internal.misc.ScopedMemoryAccess::getInt (16 bytes)
Event: 0.941 Thread 0x0000027106c94320 nmethod 489 0x000002716ffabd90 code [0x000002716ffabf80, 0x000002716ffac390]
Event: 0.941 Thread 0x0000027106c94320  490   !   3       jdk.internal.misc.ScopedMemoryAccess::getIntInternal (34 bytes)
Event: 0.941 Thread 0x0000027106c94320 nmethod 490 0x000002716ffac610 code [0x000002716ffac7e0, 0x000002716ffaca88]

GC Heap History (0 events):
No events

Dll operation events (9 events):
Event: 0.010 Loaded shared library C:\Users\Ozzz\.jdks\openjdk-21.0.1\bin\java.dll
Event: 0.011 Loaded shared library C:\Users\Ozzz\.jdks\openjdk-21.0.1\bin\zip.dll
Event: 0.047 Loaded shared library C:\Users\Ozzz\.jdks\openjdk-21.0.1\bin\jsvml.dll
Event: 0.663 Loaded shared library C:\Users\Ozzz\.jdks\openjdk-21.0.1\bin\instrument.dll
Event: 0.706 Loaded shared library C:\Users\Ozzz\.jdks\openjdk-21.0.1\bin\net.dll
Event: 0.707 Loaded shared library C:\Users\Ozzz\.jdks\openjdk-21.0.1\bin\nio.dll
Event: 0.722 Loaded shared library C:\Users\Ozzz\.jdks\openjdk-21.0.1\bin\zip.dll
Event: 0.828 Loaded shared library C:\Users\Ozzz\.jdks\openjdk-21.0.1\bin\jimage.dll
Event: 0.875 Loaded shared library C:\Users\Ozzz\AppData\Local\Temp\lwjglOzzz\3.3.1-build-7\lwjgl.dll

Deoptimization events (4 events):
Event: 0.893 Thread 0x00000271658f5350 DEOPT PACKING pc=0x000002716ff2b89c sp=0x000000ce812fb550
Event: 0.893 Thread 0x00000271658f5350 DEOPT UNPACKING pc=0x0000027177484e42 sp=0x000000ce812fa970 mode 0
Event: 0.917 Thread 0x00000271658f5350 DEOPT PACKING pc=0x000002716ff0a265 sp=0x000000ce812fc2d0
Event: 0.917 Thread 0x00000271658f5350 DEOPT UNPACKING pc=0x0000027177484e42 sp=0x000000ce812fb738 mode 0

Classes loaded (20 events):
Event: 0.921 Loading class org/lwjgl/glfw/GLFW
Event: 0.921 Loading class org/lwjgl/glfw/GLFW done
Event: 0.925 Loading class org/lwjgl/glfw/GLFWImage$Buffer
Event: 0.925 Loading class org/lwjgl/glfw/GLFWImage$Buffer done
Event: 0.926 Loading class org/lwjgl/system/StructBuffer
Event: 0.926 Loading class org/lwjgl/system/StructBuffer done
Event: 0.935 Loading class org/lwjgl/system/APIUtil$1
Event: 0.935 Loading class org/lwjgl/system/APIUtil$1 done
Event: 0.936 Loading class java/lang/NoSuchFieldError
Event: 0.936 Loading class java/lang/NoSuchFieldError done
Event: 0.936 Loading class org/lwjgl/system/windows/WindowsLibrary
Event: 0.936 Loading class org/lwjgl/system/windows/WindowsLibrary done
Event: 0.937 Loading class org/lwjgl/system/SharedLibrary$Default
Event: 0.937 Loading class org/lwjgl/system/SharedLibrary$Default done
Event: 0.937 Loading class org/lwjgl/system/windows/WinBase
Event: 0.937 Loading class org/lwjgl/system/windows/WinBase done
Event: 0.938 Loading class org/lwjgl/system/ThreadLocalUtil
Event: 0.938 Loading class org/lwjgl/system/ThreadLocalUtil done
Event: 0.940 Loading class jdk/internal/reflect/MethodHandleIntegerFieldAccessorImpl
Event: 0.940 Loading class jdk/internal/reflect/MethodHandleIntegerFieldAccessorImpl done

Classes unloaded (0 events):
No events

Classes redefined (0 events):
No events

Internal exceptions (19 events):
Event: 0.665 Thread 0x00000271658f5350 Exception <a 'java/lang/NoSuchMethodError'{0x00000007118f3920}: 'void java.lang.invoke.DirectMethodHandle$Holder.invokeStatic(java.lang.Object, java.lang.Object, java.lang.Object)'> (0x00000007118f3920) 
thrown [s\open\src\hotspot\share\interpreter\linkResolver.cpp, line 773]
Event: 0.671 Thread 0x00000271658f5350 Exception <a 'java/lang/NoSuchMethodError'{0x000000071190ae28}: 'java.lang.Object java.lang.invoke.Invokers$Holder.invokeExact_MT(java.lang.Object, java.lang.Object, java.lang.Object, java.lang.Object, java.lang.Object)'> (0x000000071190ae28) 
thrown [s\open\src\hotspot\share\interpreter\linkResolver.cpp, line 773]
Event: 0.765 Thread 0x00000271658f5350 Exception <a 'java/lang/NoSuchMethodError'{0x0000000711799df8}: 'void java.lang.invoke.DirectMethodHandle$Holder.invokeStatic(java.lang.Object, java.lang.Object)'> (0x0000000711799df8) 
thrown [s\open\src\hotspot\share\interpreter\linkResolver.cpp, line 773]
Event: 0.767 Thread 0x00000271658f5350 Exception <a 'java/lang/NoSuchMethodError'{0x00000007117a4460}: 'void java.lang.System.load(java.lang.String, java.lang.Class)'> (0x00000007117a4460) 
thrown [s\open\src\hotspot\share\interpreter\linkResolver.cpp, line 773]
Event: 0.767 Thread 0x00000271658f5350 Exception <a 'java/lang/NoSuchMethodError'{0x00000007117a4e30}: 'void java.lang.invoke.DirectMethodHandle$Holder.invokeSpecial(java.lang.Object, java.lang.Object, java.lang.Object)'> (0x00000007117a4e30) 
thrown [s\open\src\hotspot\share\interpreter\linkResolver.cpp, line 773]
Event: 0.769 Thread 0x00000271658f5350 Exception <a 'java/lang/NoSuchMethodError'{0x00000007117b8698}: 'java.lang.Object java.lang.invoke.DirectMethodHandle$Holder.invokeStatic(java.lang.Object, java.lang.Object, int)'> (0x00000007117b8698) 
thrown [s\open\src\hotspot\share\interpreter\linkResolver.cpp, line 773]
Event: 0.770 Thread 0x00000271658f5350 Exception <a 'java/lang/NoSuchMethodError'{0x00000007117c3b98}: 'void java.lang.invoke.DelegatingMethodHandle$Holder.delegate(java.lang.Object, java.lang.Object, int, java.lang.Object)'> (0x00000007117c3b98) 
thrown [s\open\src\hotspot\share\interpreter\linkResolver.cpp, line 773]
Event: 0.771 Thread 0x00000271658f5350 Exception <a 'java/lang/NoSuchMethodError'{0x00000007117c7828}: 'int java.lang.invoke.DirectMethodHandle$Holder.invokeSpecial(java.lang.Object, java.lang.Object, java.lang.Object)'> (0x00000007117c7828) 
thrown [s\open\src\hotspot\share\interpreter\linkResolver.cpp, line 773]
Event: 0.776 Thread 0x00000271658f5350 Exception <a 'java/lang/NoSuchMethodError'{0x00000007117e37e0}: 'void java.lang.System.loadLibrary(java.lang.String, java.lang.Class)'> (0x00000007117e37e0) 
thrown [s\open\src\hotspot\share\interpreter\linkResolver.cpp, line 773]
Event: 0.873 Thread 0x00000271658f5350 Exception <a 'sun/nio/fs/WindowsException'{0x00000007114a9120}> (0x00000007114a9120) 
thrown [s\open\src\hotspot\share\prims\jni.cpp, line 520]
Event: 0.874 Thread 0x00000271658f5350 Exception <a 'sun/nio/fs/WindowsException'{0x00000007114aa720}> (0x00000007114aa720) 
thrown [s\open\src\hotspot\share\prims\jni.cpp, line 520]
Event: 0.898 Thread 0x00000271658f5350 Exception <a 'java/lang/NoSuchMethodError'{0x0000000711535420}: 'int java.lang.invoke.DirectMethodHandle$Holder.invokeStaticInit(java.lang.Object, java.lang.Object, int, long)'> (0x0000000711535420) 
thrown [s\open\src\hotspot\share\interpreter\linkResolver.cpp, line 773]
Event: 0.899 Thread 0x00000271658f5350 Exception <a 'java/lang/NoSuchMethodError'{0x000000071153a480}: 'java.lang.Object java.lang.invoke.DirectMethodHandle$Holder.newInvokeSpecial(java.lang.Object, java.lang.Object, int)'> (0x000000071153a480) 
thrown [s\open\src\hotspot\share\interpreter\linkResolver.cpp, line 773]
Event: 0.903 Thread 0x00000271658f5350 Exception <a 'java/lang/NoSuchMethodError'{0x000000071154d5c0}: 'int java.lang.invoke.DirectMethodHandle$Holder.invokeStaticInit(java.lang.Object, java.lang.Object, long, long)'> (0x000000071154d5c0) 
thrown [s\open\src\hotspot\share\interpreter\linkResolver.cpp, line 773]
Event: 0.904 Thread 0x00000271658f5350 Exception <a 'java/lang/NoSuchMethodError'{0x0000000711552e28}: 'java.lang.Object java.lang.invoke.DirectMethodHandle$Holder.newInvokeSpecial(java.lang.Object, java.lang.Object, long)'> (0x0000000711552e28) 
thrown [s\open\src\hotspot\share\interpreter\linkResolver.cpp, line 773]
Event: 0.904 Thread 0x00000271658f5350 Exception <a 'java/lang/NoSuchMethodError'{0x0000000711556e28}: 'java.lang.Object java.lang.invoke.Invokers$Holder.linkToTargetMethod(java.lang.Object, long, java.lang.Object)'> (0x0000000711556e28) 
thrown [s\open\src\hotspot\share\interpreter\linkResolver.cpp, line 773]
Event: 0.906 Thread 0x00000271658f5350 Exception <a 'java/lang/NoSuchMethodError'{0x000000071155deb0}: 'int java.lang.invoke.DirectMethodHandle$Holder.invokeStaticInit(java.lang.Object, java.lang.Object, java.lang.Object, long)'> (0x000000071155deb0) 
thrown [s\open\src\hotspot\share\interpreter\linkResolver.cpp, line 773]
Event: 0.935 Thread 0x00000271658f5350 Exception <a 'sun/nio/fs/WindowsException'{0x00000007112157e8}> (0x00000007112157e8) 
thrown [s\open\src\hotspot\share\prims\jni.cpp, line 520]
Event: 0.935 Thread 0x00000271658f5350 Exception <a 'sun/nio/fs/WindowsException'{0x0000000711215b48}> (0x0000000711215b48) 
thrown [s\open\src\hotspot\share\prims\jni.cpp, line 520]

ZGC Phase Switch (0 events):
No events

VM Operations (6 events):
Event: 0.103 Executing VM operation: HandshakeAllThreads (Deoptimize)
Event: 0.103 Executing VM operation: HandshakeAllThreads (Deoptimize) done
Event: 0.657 Executing VM operation: ChangeBreakpoints
Event: 0.657 Executing VM operation: ChangeBreakpoints done
Event: 0.659 Executing VM operation: ChangeBreakpoints
Event: 0.659 Executing VM operation: ChangeBreakpoints done

Events (14 events):
Event: 0.025 Thread 0x00000271658f5350 Thread added: 0x00000271658f5350
Event: 0.039 Thread 0x0000027106c81500 Thread added: 0x0000027106c81500
Event: 0.040 Thread 0x0000027106c825d0 Thread added: 0x0000027106c825d0
Event: 0.040 Thread 0x0000027106c84550 Thread added: 0x0000027106c84550
Event: 0.041 Thread 0x0000027106c870c0 Thread added: 0x0000027106c870c0
Event: 0.041 Thread 0x0000027106c87b20 Thread added: 0x0000027106c87b20
Event: 0.041 Thread 0x0000027106c89590 Thread added: 0x0000027106c89590
Event: 0.041 Thread 0x0000027106c8a320 Thread added: 0x0000027106c8a320
Event: 0.043 Thread 0x0000027106c94320 Thread added: 0x0000027106c94320
Event: 0.096 Thread 0x000002714c085fe0 Thread added: 0x000002714c085fe0
Event: 0.119 Thread 0x000002714c189cb0 Thread added: 0x000002714c189cb0
Event: 0.119 Thread 0x000002714c1d2d80 Thread added: 0x000002714c1d2d80
Event: 0.120 Thread 0x000002714c1cdf00 Thread added: 0x000002714c1cdf00
Event: 0.681 Thread 0x000002714c2a9cb0 Thread added: 0x000002714c2a9cb0


Dynamic libraries:
0x00007ff73bd20000 - 0x00007ff73bd2e000 	C:\Users\Ozzz\.jdks\openjdk-21.0.1\bin\java.exe
0x00007ffc6e090000 - 0x00007ffc6e2a7000 	C:\WINDOWS\SYSTEM32\ntdll.dll
0x00007ffc6dd10000 - 0x00007ffc6ddd4000 	C:\WINDOWS\System32\KERNEL32.DLL
0x00007ffc6b3b0000 - 0x00007ffc6b757000 	C:\WINDOWS\System32\KERNELBASE.dll
0x00007ffc6bb10000 - 0x00007ffc6bc21000 	C:\WINDOWS\System32\ucrtbase.dll
0x00007ffc44b00000 - 0x00007ffc44b1b000 	C:\Users\Ozzz\.jdks\openjdk-21.0.1\bin\VCRUNTIME140.dll
0x00007ffc433d0000 - 0x00007ffc433e8000 	C:\Users\Ozzz\.jdks\openjdk-21.0.1\bin\jli.dll
0x00007ffc6d4b0000 - 0x00007ffc6d65e000 	C:\WINDOWS\System32\USER32.dll
0x00007ffc6bc60000 - 0x00007ffc6bc86000 	C:\WINDOWS\System32\win32u.dll
0x00007ffc6a5c0000 - 0x00007ffc6a853000 	C:\WINDOWS\WinSxS\amd64_microsoft.windows.common-controls_6595b64144ccf1df_6.0.22621.3527_none_270e469b73872a76\COMCTL32.dll
0x00007ffc6d670000 - 0x00007ffc6d699000 	C:\WINDOWS\System32\GDI32.dll
0x00007ffc6c440000 - 0x00007ffc6c4e7000 	C:\WINDOWS\System32\msvcrt.dll
0x00007ffc6b880000 - 0x00007ffc6b999000 	C:\WINDOWS\System32\gdi32full.dll
0x00007ffc6b760000 - 0x00007ffc6b7fa000 	C:\WINDOWS\System32\msvcp_win.dll
0x00007ffc6e000000 - 0x00007ffc6e031000 	C:\WINDOWS\System32\IMM32.DLL
0x00007ffc46930000 - 0x00007ffc4693c000 	C:\Users\Ozzz\.jdks\openjdk-21.0.1\bin\vcruntime140_1.dll
0x00007ffc06dc0000 - 0x00007ffc06e4e000 	C:\Users\Ozzz\.jdks\openjdk-21.0.1\bin\msvcp140.dll
0x00007ffbf6280000 - 0x00007ffbf6f95000 	C:\Users\Ozzz\.jdks\openjdk-21.0.1\bin\server\jvm.dll
0x00007ffc6dc50000 - 0x00007ffc6dd02000 	C:\WINDOWS\System32\ADVAPI32.dll
0x00007ffc6c000000 - 0x00007ffc6c0a8000 	C:\WINDOWS\System32\sechost.dll
0x00007ffc6bc30000 - 0x00007ffc6bc58000 	C:\WINDOWS\System32\bcrypt.dll
0x00007ffc6be20000 - 0x00007ffc6bf35000 	C:\WINDOWS\System32\RPCRT4.dll
0x00007ffc6def0000 - 0x00007ffc6df61000 	C:\WINDOWS\System32\WS2_32.dll
0x00007ffc6acc0000 - 0x00007ffc6ad0d000 	C:\WINDOWS\SYSTEM32\POWRPROF.dll
0x00007ffc62d00000 - 0x00007ffc62d34000 	C:\WINDOWS\SYSTEM32\WINMM.dll
0x00007ffc61ae0000 - 0x00007ffc61aea000 	C:\WINDOWS\SYSTEM32\VERSION.dll
0x00007ffc6a990000 - 0x00007ffc6a9a3000 	C:\WINDOWS\SYSTEM32\UMPDC.dll
0x00007ffc69b50000 - 0x00007ffc69b68000 	C:\WINDOWS\SYSTEM32\kernel.appcore.dll
0x00007ffc46410000 - 0x00007ffc4641a000 	C:\Users\Ozzz\.jdks\openjdk-21.0.1\bin\jimage.dll
0x00007ffc6ad10000 - 0x00007ffc6af42000 	C:\WINDOWS\SYSTEM32\DBGHELP.DLL
0x00007ffc6d6e0000 - 0x00007ffc6da68000 	C:\WINDOWS\System32\combase.dll
0x00007ffc6d3d0000 - 0x00007ffc6d4a7000 	C:\WINDOWS\System32\OLEAUT32.dll
0x00007ffc6ab90000 - 0x00007ffc6abc2000 	C:\WINDOWS\SYSTEM32\dbgcore.DLL
0x00007ffc6b800000 - 0x00007ffc6b879000 	C:\WINDOWS\System32\bcryptPrimitives.dll
0x00007ffc02140000 - 0x00007ffc0217c000 	C:\Users\Ozzz\.jdks\openjdk-21.0.1\bin\jdwp.dll
0x00007ffc46060000 - 0x00007ffc4606f000 	C:\Users\Ozzz\.jdks\openjdk-21.0.1\bin\instrument.dll
0x00007ffc42b40000 - 0x00007ffc42b5f000 	C:\Users\Ozzz\.jdks\openjdk-21.0.1\bin\java.dll
0x00007ffc120c0000 - 0x00007ffc120d8000 	C:\Users\Ozzz\.jdks\openjdk-21.0.1\bin\zip.dll
0x00007ffc6c5f0000 - 0x00007ffc6ce4c000 	C:\WINDOWS\System32\SHELL32.dll
0x00007ffc689a0000 - 0x00007ffc69296000 	C:\WINDOWS\SYSTEM32\windows.storage.dll
0x00007ffc68850000 - 0x00007ffc6898e000 	C:\WINDOWS\SYSTEM32\wintypes.dll
0x00007ffc6c4f0000 - 0x00007ffc6c5e5000 	C:\WINDOWS\System32\SHCORE.dll
0x00007ffc6dde0000 - 0x00007ffc6de3e000 	C:\WINDOWS\System32\shlwapi.dll
0x00007ffc6b2e0000 - 0x00007ffc6b301000 	C:\WINDOWS\SYSTEM32\profapi.dll
0x00007ffc01710000 - 0x00007ffc017e7000 	C:\Users\Ozzz\.jdks\openjdk-21.0.1\bin\jsvml.dll
0x00007ffc11be0000 - 0x00007ffc11bec000 	C:\Users\Ozzz\.jdks\openjdk-21.0.1\bin\dt_socket.dll
0x00007ffc696b0000 - 0x00007ffc696dd000 	C:\WINDOWS\SYSTEM32\IPHLPAPI.DLL
0x00007ffc69f70000 - 0x00007ffc69fd9000 	C:\WINDOWS\system32\mswsock.dll
0x00007ffc45950000 - 0x00007ffc45960000 	C:\Users\Ozzz\.jdks\openjdk-21.0.1\bin\net.dll
0x00007ffc621f0000 - 0x00007ffc62326000 	C:\WINDOWS\SYSTEM32\WINHTTP.dll
0x00007ffc39560000 - 0x00007ffc39576000 	C:\Users\Ozzz\.jdks\openjdk-21.0.1\bin\nio.dll
0x00007ffbfb270000 - 0x00007ffbfb2e5000 	C:\Users\Ozzz\AppData\Local\Temp\lwjglOzzz\3.3.1-build-7\lwjgl.dll
0x00007ffbfb200000 - 0x00007ffbfb261000 	C:\Users\Ozzz\AppData\Local\Temp\lwjglOzzz\3.3.1-build-7\glfw.dll

dbghelp: loaded successfully - version: 4.0.5 - missing functions: none
symbol engine: initialized successfully - sym options: 0x614 - pdb path: .;C:\Users\Ozzz\.jdks\openjdk-21.0.1\bin;C:\WINDOWS\SYSTEM32;C:\WINDOWS\WinSxS\amd64_microsoft.windows.common-controls_6595b64144ccf1df_6.0.22621.3527_none_270e469b73872a76;C:\Users\Ozzz\.jdks\openjdk-21.0.1\bin\server;C:\Users\Ozzz\AppData\Local\Temp\lwjglOzzz\3.3.1-build-7

VM Arguments:
jvm_args: -agentlib:jdwp=transport=dt_socket,address=127.0.0.1:57500,suspend=y,server=n -javaagent:C:\Users\Ozzz\AppData\Local\JetBrains\IdeaIC2024.2\captureAgent\debugger-agent.jar -Dkotlinx.coroutines.debug.enable.creation.stack.trace=false -Ddebugger.agent.enable.coroutines=true -Dfile.encoding=UTF-8 -Dsun.stdout.encoding=UTF-8 -Dsun.stderr.encoding=UTF-8 
java_command: org.example.Core
java_class_path (initial): X:\JavaIDE\2DGame\target\classes;C:\Users\Ozzz\.m2\repository\org\lwjgl\lwjgl\3.3.1\lwjgl-3.3.1.jar;C:\Users\Ozzz\.m2\repository\org\lwjgl\lwjgl-opengl\3.3.1\lwjgl-opengl-3.3.1.jar;C:\Users\Ozzz\.m2\repository\org\lwjgl\lwjgl-glfw\3.3.1\lwjgl-glfw-3.3.1.jar;C:\Users\Ozzz\.m2\repository\org\lwjgl\lwjgl\3.3.1\lwjgl-3.3.1-natives-windows.jar;C:\Users\Ozzz\.m2\repository\org\lwjgl\lwjgl-opengl\3.3.1\lwjgl-opengl-3.3.1-natives-windows.jar;C:\Users\Ozzz\.m2\repository\org\lwjgl\lwjgl-glfw\3.3.1\lwjgl-glfw-3.3.1-natives-windows.jar;C:\Users\Ozzz\.m2\repository\com\github\SpaiR\imgui-java\v1.86.10\imgui-java-v1.86.10.jar;C:\Users\Ozzz\.m2\repository\com\github\SpaiR\imgui-java\imgui-java-app\v1.86.10\imgui-java-app-v1.86.10.jar;C:\Users\Ozzz\.m2\repository\org\lwjgl\lwjgl\3.3.1\lwjgl-3.3.1-natives-linux.jar;C:\Users\Ozzz\.m2\repository\org\lwjgl\lwjgl-glfw\3.3.1\lwjgl-glfw-3.3.1-natives-linux.jar;C:\Users\Ozzz\.m2\repository\org\lwjgl\lwjgl-opengl\3.3.1\lwjgl-opengl-3.3.1-natives-linux.jar;C:\Users\Ozzz\.m2\repository\org\lwjgl\lwjgl\3.3.1\lwjgl-3.3.1-natives-macos.jar;C:\Users\Ozzz\.m2\repository\org\lwjgl\lwjgl-glfw\3.3.1\lwjgl-glfw-3.3.1-natives-macos.jar;C:\Users\Ozzz\.m2\repository\org\lwjgl\lwjgl-opengl\3.3.1\lwjgl-opengl-3.3.1-natives-macos.jar;C:\Users\Ozzz\.m2\repository\com\github\SpaiR\imgui-java\imgui-java-binding\v1.86.10\imgui-java-binding-v1.86.10.jar;C:\Users\Ozzz\.m2\repository\com\github\SpaiR\imgui-java\imgui-java-lwjgl3\v1.86.10\imgui-java-lwjgl3-v1.86.10.jar;C:\Users\Ozzz\.m2\repository\com\github\SpaiR\imgui-java\imgui-java-natives-linux\v1.86.10\imgui-java-natives-linux-v1.86.10.jar;X:\JavaIDE\IntelliJ IDEA Community Edition 2024.2.1\lib\idea_rt.jar
Launcher Type: SUN_STANDARD

[Global flags]
     intx CICompilerCount                          = 4                                         {product} {ergonomic}
     uint ConcGCThreads                            = 2                                         {product} {ergonomic}
     uint G1ConcRefinementThreads                  = 8                                         {product} {ergonomic}
   size_t G1HeapRegionSize                         = 2097152                                   {product} {ergonomic}
    uintx GCDrainStackTargetSize                   = 64                                        {product} {ergonomic}
   size_t InitialHeapSize                          = 268435456                                 {product} {ergonomic}
   size_t MarkStackSize                            = 4194304                                   {product} {ergonomic}
   size_t MaxHeapSize                              = 4265607168                                {product} {ergonomic}
   size_t MaxNewSize                               = 2558525440                                {product} {ergonomic}
   size_t MinHeapDeltaBytes                        = 2097152                                   {product} {ergonomic}
   size_t MinHeapSize                              = 8388608                                   {product} {ergonomic}
    uintx NonNMethodCodeHeapSize                   = 5839372                                {pd product} {ergonomic}
    uintx NonProfiledCodeHeapSize                  = 122909434                              {pd product} {ergonomic}
    uintx ProfiledCodeHeapSize                     = 122909434                              {pd product} {ergonomic}
    uintx ReservedCodeCacheSize                    = 251658240                              {pd product} {ergonomic}
     bool SegmentedCodeCache                       = true                                      {product} {ergonomic}
   size_t SoftMaxHeapSize                          = 4265607168                             {manageable} {ergonomic}
     bool UseCompressedOops                        = true                           {product lp64_product} {ergonomic}
     bool UseG1GC                                  = true                                      {product} {ergonomic}
     bool UseLargePagesIndividualAllocation        = false                                  {pd product} {ergonomic}

Logging:
Log output configuration:
 #0: stdout all=warning uptime,level,tags foldmultilines=false
 #1: stderr all=off uptime,level,tags foldmultilines=false

Environment Variables:
PATH=C:\Program Files\Microsoft MPI\Bin\;C:\Program Files\Common Files\Oracle\Java\javapath;C:\WINDOWS\system32;C:\WINDOWS;C:\WINDOWS\System32\Wbem;C:\WINDOWS\System32\WindowsPowerShell\v1.0\;C:\WINDOWS\System32\OpenSSH\;C:\Program Files (x86)\NVIDIA Corporation\PhysX\Common;C:\Program Files\Git\cmd;X:\Windows Kits\10\Windows Performance Toolkit\;C:\Program Files (x86)\Microsoft SQL Server\160\Tools\Binn\;C:\Program Files\Microsoft SQL Server\160\Tools\Binn\;C:\Program Files\Microsoft SQL Server\Client SDK\ODBC\170\Tools\Binn\;C:\Program Files\Microsoft SQL Server\160\DTS\Binn\;C:\Program Files (x86)\Microsoft SQL Server\160\DTS\Binn\;C:\Program Files\NVIDIA Corporation\NVIDIA app\NvDLISR;C:\Program Files\Cloudflare\Cloudflare WARP\;C:\Program Files\dotnet\;C:\Users\Ozzz\AppData\Local\Programs\Python\Python312\Scripts\;C:\Users\Ozzz\AppData\Local\Programs\Python\Python312\;C:\Users\Ozzz\AppData\Local\Microsoft\WindowsApps;;X:\PyCharm\PyCharm Community Edition 2024.2.1\bin;;C:\Users\Ozzz\AppData\Local\Muse Hub\lib
USERNAME=Ozzz
OS=Windows_NT
PROCESSOR_IDENTIFIER=Intel64 Family 6 Model 158 Stepping 10, GenuineIntel
TMP=C:\Users\Ozzz\AppData\Local\Temp
TEMP=C:\Users\Ozzz\AppData\Local\Temp




Periodic native trim disabled

---------------  S Y S T E M  ---------------

OS:
 Windows 11 , 64 bit Build 22621 (10.0.22621.3527)
OS uptime: 0 days 22:39 hours

CPU: total 8 (initial active 8) (4 cores per cpu, 2 threads per core) family 6 model 158 stepping 10 microcode 0xea, cx8, cmov, fxsr, ht, mmx, 3dnowpref, sse, sse2, sse3, ssse3, sse4.1, sse4.2, popcnt, lzcnt, tsc, tscinvbit, avx, avx2, aes, erms, clmul, bmi1, bmi2, adx, fma, vzeroupper, clflush, clflushopt, rdtscp, f16c
Processor Information for all 8 processors :
  Max Mhz: 2400, Current Mhz: 2400, Mhz Limit: 2400

Memory: 4k page, system-wide physical 16264M (3959M free)
TotalPageFile size 34248M (AvailPageFile size 19528M)
current process WorkingSet (physical memory assigned to process): 49M, peak: 49M
current process commit charge ("private bytes"): 345M, peak: 345M

vm_info: OpenJDK 64-Bit Server VM (21.0.1+12-29) for windows-amd64 JRE (21.0.1+12-29), built on 2023-10-05T13:27:09Z by "mach5one" with MS VC++ 17.1 (VS2022)

END.
